<?xml version="1.0" encoding="UTF-8"?>
<!-- Generated by org.testng.reporters.JUnitReportReporter -->
<testsuite hostname="DESKTOP-FO7068N" failures="0" tests="1" name="com.fitness.mavenproject.Tortoise" time="2.829" errors="0" timestamp="2024-09-16T22:30:25 IST" skipped="0">
  <testcase classname="com.fitness.mavenproject.Tortoise" name="List_Of_Data" time="2.829"/>
</testsuite> <!-- com.fitness.mavenproject.Tortoise -->
