<?xml version="1.0" encoding="UTF-8"?>
<!-- Generated by org.testng.reporters.JUnitReportReporter -->
<testsuite hostname="DESKTOP-FO7068N" failures="0" tests="1" name="com.fitness.mavenproject.HelloMaven" time="2.683" errors="0" timestamp="2024-09-16T09:36:07 IST" skipped="0">
  <testcase classname="com.fitness.mavenproject.HelloMaven" name="List_Of_Data" time="2.683"/>
</testsuite> <!-- com.fitness.mavenproject.HelloMaven -->
