<?xml version="1.0" encoding="UTF-8"?>
<!-- Generated by org.testng.reporters.JUnitReportReporter -->
<testsuite hostname="DESKTOP-FO7068N" failures="0" tests="1" name="com.fitness.mavenproject.RubixCube" time="6.462" errors="0" timestamp="2024-09-16T18:54:21 IST" skipped="0">
  <testcase classname="com.fitness.mavenproject.RubixCube" name="Page_Scroll" time="6.462"/>
</testsuite> <!-- com.fitness.mavenproject.RubixCube -->
