<?xml version="1.0" encoding="UTF-8"?>
<!-- Generated by org.testng.reporters.JUnitReportReporter -->
<testsuite hostname="DESKTOP-FO7068N" failures="0" tests="1" name="com.fitness.mavenproject.Fiturself" time="6.646" errors="0" timestamp="2024-09-16T12:25:37 IST" skipped="0">
  <testcase classname="com.fitness.mavenproject.Fiturself" name="ScrollBar1" time="6.646"/>
</testsuite> <!-- com.fitness.mavenproject.Fiturself -->
