<?xml version="1.0" encoding="UTF-8"?>
<!-- Generated by org.testng.reporters.JUnitReportReporter -->
<testsuite hostname="DESKTOP-FO7068N" failures="0" tests="1" name="com.fitness.mavenproject.Scm" time="2.489" errors="0" timestamp="2024-09-14T10:47:13 IST" skipped="0">
  <testcase classname="com.fitness.mavenproject.Scm" name="ListOfData" time="2.489"/>
</testsuite> <!-- com.fitness.mavenproject.Scm -->
